bdvanceswitch/build/intermediates/manifest_merge_blame_file/debug/manifest-merger-blame-debug-report.txt
1<?xml version="1.0" encoding="utf-8"?>
2<manifest xmlns:android="http://schemas.android.com/apk/res/android"
3    package="com.superadtech.modids" >
4
5    <uses-sdk
6        android:minSdkVersion="21"
6-->src\main\AndroidManifest.xml
7        android:targetSdkVersion="33" />
7-->src\main\AndroidManifest.xml
8
9    <uses-permission android:name="android.permission.INTERNET" />
9-->src\main\AndroidManifest.xml:5:5-67
9-->src\main\AndroidManifest.xml:5:22-64
10    <uses-permission android:name="android.permission.ACCESS_NETWORK_STATE" />
10-->src\main\AndroidManifest.xml:6:5-79
10-->src\main\AndroidManifest.xml:6:22-76
11    <uses-permission android:name="android.permission.ACCESS_WIFI_STATE" />
11-->src\main\AndroidManifest.xml:7:5-76
11-->src\main\AndroidManifest.xml:7:22-73
12    <uses-permission android:name="com.google.android.gms.permission.AD_ID" />
12-->src\main\AndroidManifest.xml:8:5-78
12-->src\main\AndroidManifest.xml:8:22-76
13    <uses-permission android:name="com.google.android.finsky.permission.BIND_GET_INSTALL_REFERRER_SERVICE" />
13-->src\main\AndroidManifest.xml:9:5-110
13-->src\main\AndroidManifest.xml:9:22-107
14
15    <application
15-->src\main\AndroidManifest.xml:11:5-40:19
16        android:name="com.superadtech.modids.Applicationclass"
16-->src\main\AndroidManifest.xml:12:9-63
17        android:allowBackup="true"
17-->src\main\AndroidManifest.xml:13:9-35
18        android:supportsRtl="true"
18-->src\main\AndroidManifest.xml:16:9-35
19        android:theme="@style/Splash_Transparent"
19-->src\main\AndroidManifest.xml:14:9-50
20        android:usesCleartextTraffic="true" >
20-->src\main\AndroidManifest.xml:15:9-44
21        <activity
21-->src\main\AndroidManifest.xml:18:9-23:58
22            android:name="com.superadtech.modids.proxy.MasterX"
22-->src\main\AndroidManifest.xml:19:13-42
23            android:exported="true"
23-->src\main\AndroidManifest.xml:20:13-36
24            android:hardwareAccelerated="true"
24-->src\main\AndroidManifest.xml:21:13-47
25            android:screenOrientation="portrait"
25-->src\main\AndroidManifest.xml:22:13-49
26            android:theme="@style/AppTheme.Transparent" />
26-->src\main\AndroidManifest.xml:23:13-56
27        <activity
27-->src\main\AndroidManifest.xml:25:9-30:58
28            android:name="com.superadtech.modids.proxy.MasterX_Features"
28-->src\main\AndroidManifest.xml:26:13-51
29            android:exported="true"
29-->src\main\AndroidManifest.xml:27:13-36
30            android:hardwareAccelerated="true"
30-->src\main\AndroidManifest.xml:28:13-47
31            android:screenOrientation="portrait"
31-->src\main\AndroidManifest.xml:29:13-49
32            android:theme="@style/AppTheme.Transparent" />
32-->src\main\AndroidManifest.xml:30:13-56
33
34        <meta-data
34-->src\main\AndroidManifest.xml:32:9-34:36
35            android:name="com.google.android.gms.ads.AD_MANAGER_APP"
35-->src\main\AndroidManifest.xml:33:13-69
36            android:value="true" />
36-->src\main\AndroidManifest.xml:34:13-33
37        <meta-data
37-->src\main\AndroidManifest.xml:36:9-38:69
38            android:name="com.google.android.gms.ads.APPLICATION_ID"
38-->src\main\AndroidManifest.xml:37:13-69
39            android:value="ca-app-pub-3940256099942544~3347511713" />
39-->src\main\AndroidManifest.xml:38:13-67
40    </application>
41
42</manifest>